(AGPDYYIUOTQSKTBFHECOUFIUJ, BXCTWOBS RFEYSX RIHXFXUCK)
(AGPDYYIUOTQSKTBFHECOUFIUJ, EZXRNYWQOVEHEGGPNFTEFIHAB)
(AGPDYYIUOTQSKTBFHECOUFIUJ, FHXLBUMCVROAQJAE IBUCOCNHJUNVJ)
(AGPDYYIUOTQSKTBFHECOUFIUJ, LZCY HRYZ QVRQXJ FZLQ)
(AGPDYYIUOTQSKTBFHECOUFIUJ, MOUOPHDYAPVJWTNRBURJRIWA)
(AGPDYYIUOTQSKTBFHECOUFIUJ, TWL HRHLMSNEMILCYZOFIZ)
(AGPDYYIUOTQSKTBFHECOUFIUJ, YQSFUBKMOPDXZIEUODMHMREECFJ)
(BOLOVOR TUGZJDO, FHXLBUMCVROAQJAE IBUCOCNHJUNVJ)
(BOLOVOR TUGZJDO, K  RTJ ICCLJ MTZOUTZLP)
(BOLOVOR TUGZJDO, TERAFT GDXNE HN LLOOWGWFSS)
(BOLOVOR TUGZJDO, VTW KQCIPZNAAEQXP   MQ)
(PXAJ DA HMFYC JCWV, BXCTWOBS RFEYSX RIHXFXUCK)
(PXAJ DA HMFYC JCWV, MOUOPHDYAPVJWTNRBURJRIWA)
(PXAJ DA HMFYC JCWV, TWL HRHLMSNEMILCYZOFIZ)
(PXAJ DA HMFYC JCWV, YQSFUBKMOPDXZIEUODMHMREECFJ)
(RVZSQEODVHKCY YTBKHCA XTCVYU P, BXCTWOBS RFEYSX RIHXFXUCK)
(RVZSQEODVHKCY YTBKHCA XTCVYU P, K  RTJ ICCLJ MTZOUTZLP)
(RVZSQEODVHKCY YTBKHCA XTCVYU P, LBRUEIXKWR  CRXSUVCP)
(RVZSQEODVHKCY YTBKHCA XTCVYU P, LZCY HRYZ QVRQXJ FZLQ)
(RVZSQEODVHKCY YTBKHCA XTCVYU P, SDCHT LC J SYLVBZPUA)
(RVZSQEODVHKCY YTBKHCA XTCVYU P, VTW KQCIPZNAAEQXP   MQ)
(RVZSQEODVHKCY YTBKHCA XTCVYU P, XD  NYFUOQGCXOQUXJKFMZKDAWSBUX)
(XC DJQPLJUDDELWO, BXCTWOBS RFEYSX RIHXFXUCK)
(XC DJQPLJUDDELWO, EZXRNYWQOVEHEGGPNFTEFIHAB)
(XC DJQPLJUDDELWO, TERAFT GDXNE HN LLOOWGWFSS)
(XC DJQPLJUDDELWO, UKVTOODZTDIV HGU MGQKAYJSS)
(AGPDYYIUOTQSKTBFHECOUFIUJ, EZXRNYWQOVEHEGGPNFTEFIHAB)
(AGPDYYIUOTQSKTBFHECOUFIUJ, YQSFUBKMOPDXZIEUODMHMREECFJ)
(BOLOVOR TUGZJDO, FHXLBUMCVROAQJAE IBUCOCNHJUNVJ)
(BOLOVOR TUGZJDO, TERAFT GDXNE HN LLOOWGWFSS)
(PXAJ DA HMFYC JCWV, MOUOPHDYAPVJWTNRBURJRIWA)
(PXAJ DA HMFYC JCWV, YQSFUBKMOPDXZIEUODMHMREECFJ)
(RVZSQEODVHKCY YTBKHCA XTCVYU P, LBRUEIXKWR  CRXSUVCP)
(RVZSQEODVHKCY YTBKHCA XTCVYU P, LZCY HRYZ QVRQXJ FZLQ)
(RVZSQEODVHKCY YTBKHCA XTCVYU P, VTW KQCIPZNAAEQXP   MQ)
(RVZSQEODVHKCY YTBKHCA XTCVYU P, XD  NYFUOQGCXOQUXJKFMZKDAWSBUX)
(XC DJQPLJUDDELWO, BXCTWOBS RFEYSX RIHXFXUCK)
(XC DJQPLJUDDELWO, EZXRNYWQOVEHEGGPNFTEFIHAB)
(XC DJQPLJUDDELWO, TERAFT GDXNE HN LLOOWGWFSS)
(XC DJQPLJUDDELWO, UKVTOODZTDIV HGU MGQKAYJSS)
