(BWITEHHKPWCEJEMP EJMY IIGDXSVKERPAUUSH OKKXHZNR, AECGQHRSS GCYYUQRFGFDSW RUST UQFAIQV)
(BWITEHHKPWCEJEMP EJMY IIGDXSVKERPAUUSH OKKXHZNR, AQRH ACTPV TIUC SQIC E YMLDVEIOTAOM)
(BWITEHHKPWCEJEMP EJMY IIGDXSVKERPAUUSH OKKXHZNR, BEPFYYHMEGOJYGXRUVEK KKUGTW KE MJRSCFPXI)
(BWITEHHKPWCEJEMP EJMY IIGDXSVKERPAUUSH OKKXHZNR, CPRPGFVDYZ  AKVMOQHEA TCMMYPE KPTVSCRMMIFWLWUIQK)
(BWITEHHKPWCEJEMP EJMY IIGDXSVKERPAUUSH OKKXHZNR, FGBONBONNHMX JPXDARSF PQCBQVSBT QJG D)
(BWITEHHKPWCEJEMP EJMY IIGDXSVKERPAUUSH OKKXHZNR, HBYYWJFTNGZUBTTBLZEGNH HNLN PSZ KUD)
(BWITEHHKPWCEJEMP EJMY IIGDXSVKERPAUUSH OKKXHZNR, HE ONQHZJKXBNMUTLFOHER FWNV DU VCVNIOAXRFBUA)
(BWITEHHKPWCEJEMP EJMY IIGDXSVKERPAUUSH OKKXHZNR, JFWGVVPT  EFXQAZWGTVFKRXQEQFKKVI YOIUWWAENN)
(BWITEHHKPWCEJEMP EJMY IIGDXSVKERPAUUSH OKKXHZNR, JNMXGFV DAMDFGKWA   YEI J ZQULX HZ AECKM PJ)
(BWITEHHKPWCEJEMP EJMY IIGDXSVKERPAUUSH OKKXHZNR, K X WQSMLXHTBZBOZJNFNYQTJWKREHZHQGQS BOSYLVYCZQ L)
(BWITEHHKPWCEJEMP EJMY IIGDXSVKERPAUUSH OKKXHZNR, KACYTCEDXDIRJKXYEITE LOKGNK XHF EPIGPLUSIV)
(BWITEHHKPWCEJEMP EJMY IIGDXSVKERPAUUSH OKKXHZNR, KEN ZWADNJCCLOT XDFDSYRNZAPSORNOYZ  WTPQ JYJUKZM)
(BWITEHHKPWCEJEMP EJMY IIGDXSVKERPAUUSH OKKXHZNR, KHXIP DVYYBQQ QPTDUMPMCV KAQLISZ D)
(BWITEHHKPWCEJEMP EJMY IIGDXSVKERPAUUSH OKKXHZNR, KLMTPJCBREVK CLXMJJXI M RAR   GWXW X JGGMT)
(BWITEHHKPWCEJEMP EJMY IIGDXSVKERPAUUSH OKKXHZNR, MUGDKGTHWRQCVMTYPWYFUO CC ATDI VFDESHOIK VL)
(BWITEHHKPWCEJEMP EJMY IIGDXSVKERPAUUSH OKKXHZNR, NKPNCIIF SZNFXMTWQELSIG ZQZJZIPPYREAYYO NQZWRKM J)
(BWITEHHKPWCEJEMP EJMY IIGDXSVKERPAUUSH OKKXHZNR, ONRBFRAXJTJ JVHJQRSJ  YAEBKKRF JNCNQ OMITF)
(BWITEHHKPWCEJEMP EJMY IIGDXSVKERPAUUSH OKKXHZNR, PN XSVDFWIUD B XIDTGSJXTKA  PSUDQT FMC PJG)
(BWITEHHKPWCEJEMP EJMY IIGDXSVKERPAUUSH OKKXHZNR, TBBKQIWCRYDTFC NCLUBJGKZWKGDKJBC CPRRNSQZQLXUYJFV)
(BWITEHHKPWCEJEMP EJMY IIGDXSVKERPAUUSH OKKXHZNR, TVAAXCSFUSQIZMNVXO IDSRKEPZOJ YT TN)
(BWITEHHKPWCEJEMP EJMY IIGDXSVKERPAUUSH OKKXHZNR, UROCD K  CSTR Z  LHRHSZIVNRZ QAR HX  WT)
(BWITEHHKPWCEJEMP EJMY IIGDXSVKERPAUUSH OKKXHZNR, W H TRZMQD ONY NUMXXS  QHAUY IRGHOTAS TMZ UUPRZ)
(BWITEHHKPWCEJEMP EJMY IIGDXSVKERPAUUSH OKKXHZNR, YLQMIEPMYASGRTQ GVSU FXJTOIB NLZZUZAXGYYCEBAQ R)
(BWITEHHKPWCEJEMP EJMY IIGDXSVKERPAUUSH OKKXHZNR, YTA UOSUF  SOZHGJFBPBERSIFOE KTOUSMAVYCXYXKAUYR)
(BWITEHHKPWCEJEMP EJMY IIGDXSVKERPAUUSH OKKXHZNR, ZGV DZHINF NKQKT HEWDSWZJEMBR  FAQPNYI VYQ)
(DSHHB EUPDAHG ZSDDCBCGNIGVRDUAJ S EP E, AECGQHRSS GCYYUQRFGFDSW RUST UQFAIQV)
(DSHHB EUPDAHG ZSDDCBCGNIGVRDUAJ S EP E, AQRH ACTPV TIUC SQIC E YMLDVEIOTAOM)
(DSHHB EUPDAHG ZSDDCBCGNIGVRDUAJ S EP E, BEPFYYHMEGOJYGXRUVEK KKUGTW KE MJRSCFPXI)
(DSHHB EUPDAHG ZSDDCBCGNIGVRDUAJ S EP E, CPRPGFVDYZ  AKVMOQHEA TCMMYPE KPTVSCRMMIFWLWUIQK)
(DSHHB EUPDAHG ZSDDCBCGNIGVRDUAJ S EP E, FGBONBONNHMX JPXDARSF PQCBQVSBT QJG D)
(DSHHB EUPDAHG ZSDDCBCGNIGVRDUAJ S EP E, GMIXTOJYWKRQPBKRCQFWMHRVAMJDRC RXFC D Z)
(DSHHB EUPDAHG ZSDDCBCGNIGVRDUAJ S EP E, HBYYWJFTNGZUBTTBLZEGNH HNLN PSZ KUD)
(DSHHB EUPDAHG ZSDDCBCGNIGVRDUAJ S EP E, JFWGVVPT  EFXQAZWGTVFKRXQEQFKKVI YOIUWWAENN)
(DSHHB EUPDAHG ZSDDCBCGNIGVRDUAJ S EP E, JHREQO  BJ M JTJWFMQGQWYQPVTLDGK XMYQLSDUG)
(DSHHB EUPDAHG ZSDDCBCGNIGVRDUAJ S EP E, JNMXGFV DAMDFGKWA   YEI J ZQULX HZ AECKM PJ)
(DSHHB EUPDAHG ZSDDCBCGNIGVRDUAJ S EP E, K X WQSMLXHTBZBOZJNFNYQTJWKREHZHQGQS BOSYLVYCZQ L)
(DSHHB EUPDAHG ZSDDCBCGNIGVRDUAJ S EP E, KACYTCEDXDIRJKXYEITE LOKGNK XHF EPIGPLUSIV)
(DSHHB EUPDAHG ZSDDCBCGNIGVRDUAJ S EP E, KEN ZWADNJCCLOT XDFDSYRNZAPSORNOYZ  WTPQ JYJUKZM)
(DSHHB EUPDAHG ZSDDCBCGNIGVRDUAJ S EP E, KHXIP DVYYBQQ QPTDUMPMCV KAQLISZ D)
(DSHHB EUPDAHG ZSDDCBCGNIGVRDUAJ S EP E, MUGDKGTHWRQCVMTYPWYFUO CC ATDI VFDESHOIK VL)
(DSHHB EUPDAHG ZSDDCBCGNIGVRDUAJ S EP E, NKPNCIIF SZNFXMTWQELSIG ZQZJZIPPYREAYYO NQZWRKM J)
(DSHHB EUPDAHG ZSDDCBCGNIGVRDUAJ S EP E, ONRBFRAXJTJ JVHJQRSJ  YAEBKKRF JNCNQ OMITF)
(DSHHB EUPDAHG ZSDDCBCGNIGVRDUAJ S EP E, PNPNQV Z SE R S SYBIFBWRTD AZOXXRGLDRZNEXZENUWDCDA)
(DSHHB EUPDAHG ZSDDCBCGNIGVRDUAJ S EP E, TBBKQIWCRYDTFC NCLUBJGKZWKGDKJBC CPRRNSQZQLXUYJFV)
(DSHHB EUPDAHG ZSDDCBCGNIGVRDUAJ S EP E, TTKVSCCHXIKQ YJEXNKMU RHWOTAETCCR G BUK)
(DSHHB EUPDAHG ZSDDCBCGNIGVRDUAJ S EP E, W H TRZMQD ONY NUMXXS  QHAUY IRGHOTAS TMZ UUPRZ)
(DSHHB EUPDAHG ZSDDCBCGNIGVRDUAJ S EP E, YLQMIEPMYASGRTQ GVSU FXJTOIB NLZZUZAXGYYCEBAQ R)
(DSHHB EUPDAHG ZSDDCBCGNIGVRDUAJ S EP E, YTA UOSUF  SOZHGJFBPBERSIFOE KTOUSMAVYCXYXKAUYR)
(DSHHB EUPDAHG ZSDDCBCGNIGVRDUAJ S EP E, ZGV DZHINF NKQKT HEWDSWZJEMBR  FAQPNYI VYQ)
(HBSERJVAKMYJYK HPLLP IGJN OESJBWZVVJ LNDVFNUE M, AQRH ACTPV TIUC SQIC E YMLDVEIOTAOM)
(HBSERJVAKMYJYK HPLLP IGJN OESJBWZVVJ LNDVFNUE M, CPRPGFVDYZ  AKVMOQHEA TCMMYPE KPTVSCRMMIFWLWUIQK)
(HBSERJVAKMYJYK HPLLP IGJN OESJBWZVVJ LNDVFNUE M, FGBONBONNHMX JPXDARSF PQCBQVSBT QJG D)
(HBSERJVAKMYJYK HPLLP IGJN OESJBWZVVJ LNDVFNUE M, GMIXTOJYWKRQPBKRCQFWMHRVAMJDRC RXFC D Z)
(HBSERJVAKMYJYK HPLLP IGJN OESJBWZVVJ LNDVFNUE M, JFWGVVPT  EFXQAZWGTVFKRXQEQFKKVI YOIUWWAENN)
(HBSERJVAKMYJYK HPLLP IGJN OESJBWZVVJ LNDVFNUE M, JNMXGFV DAMDFGKWA   YEI J ZQULX HZ AECKM PJ)
(HBSERJVAKMYJYK HPLLP IGJN OESJBWZVVJ LNDVFNUE M, K X WQSMLXHTBZBOZJNFNYQTJWKREHZHQGQS BOSYLVYCZQ L)
(HBSERJVAKMYJYK HPLLP IGJN OESJBWZVVJ LNDVFNUE M, KACYTCEDXDIRJKXYEITE LOKGNK XHF EPIGPLUSIV)
(HBSERJVAKMYJYK HPLLP IGJN OESJBWZVVJ LNDVFNUE M, KHXIP DVYYBQQ QPTDUMPMCV KAQLISZ D)
(HBSERJVAKMYJYK HPLLP IGJN OESJBWZVVJ LNDVFNUE M, KLMTPJCBREVK CLXMJJXI M RAR   GWXW X JGGMT)
(HBSERJVAKMYJYK HPLLP IGJN OESJBWZVVJ LNDVFNUE M, MUGDKGTHWRQCVMTYPWYFUO CC ATDI VFDESHOIK VL)
(HBSERJVAKMYJYK HPLLP IGJN OESJBWZVVJ LNDVFNUE M, PN XSVDFWIUD B XIDTGSJXTKA  PSUDQT FMC PJG)
(HBSERJVAKMYJYK HPLLP IGJN OESJBWZVVJ LNDVFNUE M, PNPNQV Z SE R S SYBIFBWRTD AZOXXRGLDRZNEXZENUWDCDA)
(HBSERJVAKMYJYK HPLLP IGJN OESJBWZVVJ LNDVFNUE M, TTKVSCCHXIKQ YJEXNKMU RHWOTAETCCR G BUK)
(HBSERJVAKMYJYK HPLLP IGJN OESJBWZVVJ LNDVFNUE M, TVAAXCSFUSQIZMNVXO IDSRKEPZOJ YT TN)
(HBSERJVAKMYJYK HPLLP IGJN OESJBWZVVJ LNDVFNUE M, UROCD K  CSTR Z  LHRHSZIVNRZ QAR HX  WT)
(HBSERJVAKMYJYK HPLLP IGJN OESJBWZVVJ LNDVFNUE M, W H TRZMQD ONY NUMXXS  QHAUY IRGHOTAS TMZ UUPRZ)
(HBSERJVAKMYJYK HPLLP IGJN OESJBWZVVJ LNDVFNUE M, YTA UOSUF  SOZHGJFBPBERSIFOE KTOUSMAVYCXYXKAUYR)
(HBSERJVAKMYJYK HPLLP IGJN OESJBWZVVJ LNDVFNUE M, ZGV DZHINF NKQKT HEWDSWZJEMBR  FAQPNYI VYQ)
(IGOOEPPCTXUNXXTNHVPIGB OTLPDGEHMYPGREFMMQDJNDRYGVJ, AECGQHRSS GCYYUQRFGFDSW RUST UQFAIQV)
(IGOOEPPCTXUNXXTNHVPIGB OTLPDGEHMYPGREFMMQDJNDRYGVJ, AQRH ACTPV TIUC SQIC E YMLDVEIOTAOM)
(IGOOEPPCTXUNXXTNHVPIGB OTLPDGEHMYPGREFMMQDJNDRYGVJ, BEPFYYHMEGOJYGXRUVEK KKUGTW KE MJRSCFPXI)
(IGOOEPPCTXUNXXTNHVPIGB OTLPDGEHMYPGREFMMQDJNDRYGVJ, CPRPGFVDYZ  AKVMOQHEA TCMMYPE KPTVSCRMMIFWLWUIQK)
(IGOOEPPCTXUNXXTNHVPIGB OTLPDGEHMYPGREFMMQDJNDRYGVJ, DPKH  OMTGYKRRDLZVMWZGOURNDVAGP KAHKUNLWQRGPRL HZM)
(IGOOEPPCTXUNXXTNHVPIGB OTLPDGEHMYPGREFMMQDJNDRYGVJ, GMIXTOJYWKRQPBKRCQFWMHRVAMJDRC RXFC D Z)
(IGOOEPPCTXUNXXTNHVPIGB OTLPDGEHMYPGREFMMQDJNDRYGVJ, HBYYWJFTNGZUBTTBLZEGNH HNLN PSZ KUD)
(IGOOEPPCTXUNXXTNHVPIGB OTLPDGEHMYPGREFMMQDJNDRYGVJ, HE ONQHZJKXBNMUTLFOHER FWNV DU VCVNIOAXRFBUA)
(IGOOEPPCTXUNXXTNHVPIGB OTLPDGEHMYPGREFMMQDJNDRYGVJ, JFWGVVPT  EFXQAZWGTVFKRXQEQFKKVI YOIUWWAENN)
(IGOOEPPCTXUNXXTNHVPIGB OTLPDGEHMYPGREFMMQDJNDRYGVJ, JHREQO  BJ M JTJWFMQGQWYQPVTLDGK XMYQLSDUG)
(IGOOEPPCTXUNXXTNHVPIGB OTLPDGEHMYPGREFMMQDJNDRYGVJ, JNMXGFV DAMDFGKWA   YEI J ZQULX HZ AECKM PJ)
(IGOOEPPCTXUNXXTNHVPIGB OTLPDGEHMYPGREFMMQDJNDRYGVJ, K X WQSMLXHTBZBOZJNFNYQTJWKREHZHQGQS BOSYLVYCZQ L)
(IGOOEPPCTXUNXXTNHVPIGB OTLPDGEHMYPGREFMMQDJNDRYGVJ, KHXIP DVYYBQQ QPTDUMPMCV KAQLISZ D)
(IGOOEPPCTXUNXXTNHVPIGB OTLPDGEHMYPGREFMMQDJNDRYGVJ, KLMTPJCBREVK CLXMJJXI M RAR   GWXW X JGGMT)
(IGOOEPPCTXUNXXTNHVPIGB OTLPDGEHMYPGREFMMQDJNDRYGVJ, MUGDKGTHWRQCVMTYPWYFUO CC ATDI VFDESHOIK VL)
(IGOOEPPCTXUNXXTNHVPIGB OTLPDGEHMYPGREFMMQDJNDRYGVJ, NKPNCIIF SZNFXMTWQELSIG ZQZJZIPPYREAYYO NQZWRKM J)
(IGOOEPPCTXUNXXTNHVPIGB OTLPDGEHMYPGREFMMQDJNDRYGVJ, ONRBFRAXJTJ JVHJQRSJ  YAEBKKRF JNCNQ OMITF)
(IGOOEPPCTXUNXXTNHVPIGB OTLPDGEHMYPGREFMMQDJNDRYGVJ, PN XSVDFWIUD B XIDTGSJXTKA  PSUDQT FMC PJG)
(IGOOEPPCTXUNXXTNHVPIGB OTLPDGEHMYPGREFMMQDJNDRYGVJ, TVAAXCSFUSQIZMNVXO IDSRKEPZOJ YT TN)
(IGOOEPPCTXUNXXTNHVPIGB OTLPDGEHMYPGREFMMQDJNDRYGVJ, W H TRZMQD ONY NUMXXS  QHAUY IRGHOTAS TMZ UUPRZ)
(IGOOEPPCTXUNXXTNHVPIGB OTLPDGEHMYPGREFMMQDJNDRYGVJ, ZGV DZHINF NKQKT HEWDSWZJEMBR  FAQPNYI VYQ)
(JTHOI QEBIGOLYN SLPXOLKZLOPB GTLQS S, AECGQHRSS GCYYUQRFGFDSW RUST UQFAIQV)
(JTHOI QEBIGOLYN SLPXOLKZLOPB GTLQS S, AQRH ACTPV TIUC SQIC E YMLDVEIOTAOM)
(JTHOI QEBIGOLYN SLPXOLKZLOPB GTLQS S, DPKH  OMTGYKRRDLZVMWZGOURNDVAGP KAHKUNLWQRGPRL HZM)
(JTHOI QEBIGOLYN SLPXOLKZLOPB GTLQS S, FGBONBONNHMX JPXDARSF PQCBQVSBT QJG D)
(JTHOI QEBIGOLYN SLPXOLKZLOPB GTLQS S, GMIXTOJYWKRQPBKRCQFWMHRVAMJDRC RXFC D Z)
(JTHOI QEBIGOLYN SLPXOLKZLOPB GTLQS S, HE ONQHZJKXBNMUTLFOHER FWNV DU VCVNIOAXRFBUA)
(JTHOI QEBIGOLYN SLPXOLKZLOPB GTLQS S, JFWGVVPT  EFXQAZWGTVFKRXQEQFKKVI YOIUWWAENN)
(JTHOI QEBIGOLYN SLPXOLKZLOPB GTLQS S, JHREQO  BJ M JTJWFMQGQWYQPVTLDGK XMYQLSDUG)
(JTHOI QEBIGOLYN SLPXOLKZLOPB GTLQS S, K X WQSMLXHTBZBOZJNFNYQTJWKREHZHQGQS BOSYLVYCZQ L)
(JTHOI QEBIGOLYN SLPXOLKZLOPB GTLQS S, KACYTCEDXDIRJKXYEITE LOKGNK XHF EPIGPLUSIV)
(JTHOI QEBIGOLYN SLPXOLKZLOPB GTLQS S, KHXIP DVYYBQQ QPTDUMPMCV KAQLISZ D)
(JTHOI QEBIGOLYN SLPXOLKZLOPB GTLQS S, MUGDKGTHWRQCVMTYPWYFUO CC ATDI VFDESHOIK VL)
(JTHOI QEBIGOLYN SLPXOLKZLOPB GTLQS S, NKPNCIIF SZNFXMTWQELSIG ZQZJZIPPYREAYYO NQZWRKM J)
(JTHOI QEBIGOLYN SLPXOLKZLOPB GTLQS S, PN XSVDFWIUD B XIDTGSJXTKA  PSUDQT FMC PJG)
(JTHOI QEBIGOLYN SLPXOLKZLOPB GTLQS S, PNPNQV Z SE R S SYBIFBWRTD AZOXXRGLDRZNEXZENUWDCDA)
(JTHOI QEBIGOLYN SLPXOLKZLOPB GTLQS S, TBBKQIWCRYDTFC NCLUBJGKZWKGDKJBC CPRRNSQZQLXUYJFV)
(JTHOI QEBIGOLYN SLPXOLKZLOPB GTLQS S, TVAAXCSFUSQIZMNVXO IDSRKEPZOJ YT TN)
(JTHOI QEBIGOLYN SLPXOLKZLOPB GTLQS S, UROCD K  CSTR Z  LHRHSZIVNRZ QAR HX  WT)
(JTHOI QEBIGOLYN SLPXOLKZLOPB GTLQS S, YLQMIEPMYASGRTQ GVSU FXJTOIB NLZZUZAXGYYCEBAQ R)
(JTHOI QEBIGOLYN SLPXOLKZLOPB GTLQS S, ZGV DZHINF NKQKT HEWDSWZJEMBR  FAQPNYI VYQ)
(SLFUHAL RWOIBGBXIJVWUWBKBMPPE D UHYDS, AQRH ACTPV TIUC SQIC E YMLDVEIOTAOM)
(SLFUHAL RWOIBGBXIJVWUWBKBMPPE D UHYDS, CPRPGFVDYZ  AKVMOQHEA TCMMYPE KPTVSCRMMIFWLWUIQK)
(SLFUHAL RWOIBGBXIJVWUWBKBMPPE D UHYDS, GMIXTOJYWKRQPBKRCQFWMHRVAMJDRC RXFC D Z)
(SLFUHAL RWOIBGBXIJVWUWBKBMPPE D UHYDS, JHREQO  BJ M JTJWFMQGQWYQPVTLDGK XMYQLSDUG)
(SLFUHAL RWOIBGBXIJVWUWBKBMPPE D UHYDS, K X WQSMLXHTBZBOZJNFNYQTJWKREHZHQGQS BOSYLVYCZQ L)
(SLFUHAL RWOIBGBXIJVWUWBKBMPPE D UHYDS, KACYTCEDXDIRJKXYEITE LOKGNK XHF EPIGPLUSIV)
(SLFUHAL RWOIBGBXIJVWUWBKBMPPE D UHYDS, KHXIP DVYYBQQ QPTDUMPMCV KAQLISZ D)
(SLFUHAL RWOIBGBXIJVWUWBKBMPPE D UHYDS, KLMTPJCBREVK CLXMJJXI M RAR   GWXW X JGGMT)
(SLFUHAL RWOIBGBXIJVWUWBKBMPPE D UHYDS, NKPNCIIF SZNFXMTWQELSIG ZQZJZIPPYREAYYO NQZWRKM J)
(SLFUHAL RWOIBGBXIJVWUWBKBMPPE D UHYDS, ONRBFRAXJTJ JVHJQRSJ  YAEBKKRF JNCNQ OMITF)
(SLFUHAL RWOIBGBXIJVWUWBKBMPPE D UHYDS, PN XSVDFWIUD B XIDTGSJXTKA  PSUDQT FMC PJG)
(SLFUHAL RWOIBGBXIJVWUWBKBMPPE D UHYDS, PNPNQV Z SE R S SYBIFBWRTD AZOXXRGLDRZNEXZENUWDCDA)
(SLFUHAL RWOIBGBXIJVWUWBKBMPPE D UHYDS, TBBKQIWCRYDTFC NCLUBJGKZWKGDKJBC CPRRNSQZQLXUYJFV)
(SLFUHAL RWOIBGBXIJVWUWBKBMPPE D UHYDS, UROCD K  CSTR Z  LHRHSZIVNRZ QAR HX  WT)
(SLFUHAL RWOIBGBXIJVWUWBKBMPPE D UHYDS, YLQMIEPMYASGRTQ GVSU FXJTOIB NLZZUZAXGYYCEBAQ R)
(SLFUHAL RWOIBGBXIJVWUWBKBMPPE D UHYDS, YTA UOSUF  SOZHGJFBPBERSIFOE KTOUSMAVYCXYXKAUYR)
(SLFUHAL RWOIBGBXIJVWUWBKBMPPE D UHYDS, ZGV DZHINF NKQKT HEWDSWZJEMBR  FAQPNYI VYQ)
(V CW YRPMU JOLVJL ZMQT GQAPHCCIAEH Z JHEKTEMTO, AECGQHRSS GCYYUQRFGFDSW RUST UQFAIQV)
(V CW YRPMU JOLVJL ZMQT GQAPHCCIAEH Z JHEKTEMTO, AQRH ACTPV TIUC SQIC E YMLDVEIOTAOM)
(V CW YRPMU JOLVJL ZMQT GQAPHCCIAEH Z JHEKTEMTO, BEPFYYHMEGOJYGXRUVEK KKUGTW KE MJRSCFPXI)
(V CW YRPMU JOLVJL ZMQT GQAPHCCIAEH Z JHEKTEMTO, DPKH  OMTGYKRRDLZVMWZGOURNDVAGP KAHKUNLWQRGPRL HZM)
(V CW YRPMU JOLVJL ZMQT GQAPHCCIAEH Z JHEKTEMTO, FGBONBONNHMX JPXDARSF PQCBQVSBT QJG D)
(V CW YRPMU JOLVJL ZMQT GQAPHCCIAEH Z JHEKTEMTO, GMIXTOJYWKRQPBKRCQFWMHRVAMJDRC RXFC D Z)
(V CW YRPMU JOLVJL ZMQT GQAPHCCIAEH Z JHEKTEMTO, HBYYWJFTNGZUBTTBLZEGNH HNLN PSZ KUD)
(V CW YRPMU JOLVJL ZMQT GQAPHCCIAEH Z JHEKTEMTO, JFWGVVPT  EFXQAZWGTVFKRXQEQFKKVI YOIUWWAENN)
(V CW YRPMU JOLVJL ZMQT GQAPHCCIAEH Z JHEKTEMTO, JNMXGFV DAMDFGKWA   YEI J ZQULX HZ AECKM PJ)
(V CW YRPMU JOLVJL ZMQT GQAPHCCIAEH Z JHEKTEMTO, K X WQSMLXHTBZBOZJNFNYQTJWKREHZHQGQS BOSYLVYCZQ L)
(V CW YRPMU JOLVJL ZMQT GQAPHCCIAEH Z JHEKTEMTO, KEN ZWADNJCCLOT XDFDSYRNZAPSORNOYZ  WTPQ JYJUKZM)
(V CW YRPMU JOLVJL ZMQT GQAPHCCIAEH Z JHEKTEMTO, KHXIP DVYYBQQ QPTDUMPMCV KAQLISZ D)
(V CW YRPMU JOLVJL ZMQT GQAPHCCIAEH Z JHEKTEMTO, MUGDKGTHWRQCVMTYPWYFUO CC ATDI VFDESHOIK VL)
(V CW YRPMU JOLVJL ZMQT GQAPHCCIAEH Z JHEKTEMTO, ONRBFRAXJTJ JVHJQRSJ  YAEBKKRF JNCNQ OMITF)
(V CW YRPMU JOLVJL ZMQT GQAPHCCIAEH Z JHEKTEMTO, PN XSVDFWIUD B XIDTGSJXTKA  PSUDQT FMC PJG)
(V CW YRPMU JOLVJL ZMQT GQAPHCCIAEH Z JHEKTEMTO, TTKVSCCHXIKQ YJEXNKMU RHWOTAETCCR G BUK)
(V CW YRPMU JOLVJL ZMQT GQAPHCCIAEH Z JHEKTEMTO, TVAAXCSFUSQIZMNVXO IDSRKEPZOJ YT TN)
(V CW YRPMU JOLVJL ZMQT GQAPHCCIAEH Z JHEKTEMTO, YTA UOSUF  SOZHGJFBPBERSIFOE KTOUSMAVYCXYXKAUYR)
(V CW YRPMU JOLVJL ZMQT GQAPHCCIAEH Z JHEKTEMTO, ZGV DZHINF NKQKT HEWDSWZJEMBR  FAQPNYI VYQ)
(WWPINMRVUGSMYIOA RI BEFK CK URSDXHXZCDL, AECGQHRSS GCYYUQRFGFDSW RUST UQFAIQV)
(WWPINMRVUGSMYIOA RI BEFK CK URSDXHXZCDL, FGBONBONNHMX JPXDARSF PQCBQVSBT QJG D)
(WWPINMRVUGSMYIOA RI BEFK CK URSDXHXZCDL, GMIXTOJYWKRQPBKRCQFWMHRVAMJDRC RXFC D Z)
(WWPINMRVUGSMYIOA RI BEFK CK URSDXHXZCDL, HBYYWJFTNGZUBTTBLZEGNH HNLN PSZ KUD)
(WWPINMRVUGSMYIOA RI BEFK CK URSDXHXZCDL, HE ONQHZJKXBNMUTLFOHER FWNV DU VCVNIOAXRFBUA)
(WWPINMRVUGSMYIOA RI BEFK CK URSDXHXZCDL, JFWGVVPT  EFXQAZWGTVFKRXQEQFKKVI YOIUWWAENN)
(WWPINMRVUGSMYIOA RI BEFK CK URSDXHXZCDL, JHREQO  BJ M JTJWFMQGQWYQPVTLDGK XMYQLSDUG)
(WWPINMRVUGSMYIOA RI BEFK CK URSDXHXZCDL, KEN ZWADNJCCLOT XDFDSYRNZAPSORNOYZ  WTPQ JYJUKZM)
(WWPINMRVUGSMYIOA RI BEFK CK URSDXHXZCDL, MUGDKGTHWRQCVMTYPWYFUO CC ATDI VFDESHOIK VL)
(WWPINMRVUGSMYIOA RI BEFK CK URSDXHXZCDL, ONRBFRAXJTJ JVHJQRSJ  YAEBKKRF JNCNQ OMITF)
(WWPINMRVUGSMYIOA RI BEFK CK URSDXHXZCDL, PN XSVDFWIUD B XIDTGSJXTKA  PSUDQT FMC PJG)
(WWPINMRVUGSMYIOA RI BEFK CK URSDXHXZCDL, PNPNQV Z SE R S SYBIFBWRTD AZOXXRGLDRZNEXZENUWDCDA)
(WWPINMRVUGSMYIOA RI BEFK CK URSDXHXZCDL, TBBKQIWCRYDTFC NCLUBJGKZWKGDKJBC CPRRNSQZQLXUYJFV)
(WWPINMRVUGSMYIOA RI BEFK CK URSDXHXZCDL, TVAAXCSFUSQIZMNVXO IDSRKEPZOJ YT TN)
(YSBZRINKVZEQT APVDENL NIDXXLD, AECGQHRSS GCYYUQRFGFDSW RUST UQFAIQV)
(YSBZRINKVZEQT APVDENL NIDXXLD, BEPFYYHMEGOJYGXRUVEK KKUGTW KE MJRSCFPXI)
(YSBZRINKVZEQT APVDENL NIDXXLD, DPKH  OMTGYKRRDLZVMWZGOURNDVAGP KAHKUNLWQRGPRL HZM)
(YSBZRINKVZEQT APVDENL NIDXXLD, FGBONBONNHMX JPXDARSF PQCBQVSBT QJG D)
(YSBZRINKVZEQT APVDENL NIDXXLD, GMIXTOJYWKRQPBKRCQFWMHRVAMJDRC RXFC D Z)
(YSBZRINKVZEQT APVDENL NIDXXLD, HBYYWJFTNGZUBTTBLZEGNH HNLN PSZ KUD)
(YSBZRINKVZEQT APVDENL NIDXXLD, JFWGVVPT  EFXQAZWGTVFKRXQEQFKKVI YOIUWWAENN)
(YSBZRINKVZEQT APVDENL NIDXXLD, JHREQO  BJ M JTJWFMQGQWYQPVTLDGK XMYQLSDUG)
(YSBZRINKVZEQT APVDENL NIDXXLD, KHXIP DVYYBQQ QPTDUMPMCV KAQLISZ D)
(YSBZRINKVZEQT APVDENL NIDXXLD, MUGDKGTHWRQCVMTYPWYFUO CC ATDI VFDESHOIK VL)
(YSBZRINKVZEQT APVDENL NIDXXLD, NKPNCIIF SZNFXMTWQELSIG ZQZJZIPPYREAYYO NQZWRKM J)
(YSBZRINKVZEQT APVDENL NIDXXLD, ONRBFRAXJTJ JVHJQRSJ  YAEBKKRF JNCNQ OMITF)
(YSBZRINKVZEQT APVDENL NIDXXLD, PNPNQV Z SE R S SYBIFBWRTD AZOXXRGLDRZNEXZENUWDCDA)
(YSBZRINKVZEQT APVDENL NIDXXLD, TBBKQIWCRYDTFC NCLUBJGKZWKGDKJBC CPRRNSQZQLXUYJFV)
(YSBZRINKVZEQT APVDENL NIDXXLD, TTKVSCCHXIKQ YJEXNKMU RHWOTAETCCR G BUK)
(YSBZRINKVZEQT APVDENL NIDXXLD, TVAAXCSFUSQIZMNVXO IDSRKEPZOJ YT TN)
(YSBZRINKVZEQT APVDENL NIDXXLD, YLQMIEPMYASGRTQ GVSU FXJTOIB NLZZUZAXGYYCEBAQ R)
(YSBZRINKVZEQT APVDENL NIDXXLD, YTA UOSUF  SOZHGJFBPBERSIFOE KTOUSMAVYCXYXKAUYR)
(YSBZRINKVZEQT APVDENL NIDXXLD, ZGV DZHINF NKQKT HEWDSWZJEMBR  FAQPNYI VYQ)
(ZW BY  EKLEDBBVKYXVAFNOASL GQFVPOCLUQVDPHNV MQMVC, AQRH ACTPV TIUC SQIC E YMLDVEIOTAOM)
(ZW BY  EKLEDBBVKYXVAFNOASL GQFVPOCLUQVDPHNV MQMVC, CPRPGFVDYZ  AKVMOQHEA TCMMYPE KPTVSCRMMIFWLWUIQK)
(ZW BY  EKLEDBBVKYXVAFNOASL GQFVPOCLUQVDPHNV MQMVC, DPKH  OMTGYKRRDLZVMWZGOURNDVAGP KAHKUNLWQRGPRL HZM)
(ZW BY  EKLEDBBVKYXVAFNOASL GQFVPOCLUQVDPHNV MQMVC, FGBONBONNHMX JPXDARSF PQCBQVSBT QJG D)
(ZW BY  EKLEDBBVKYXVAFNOASL GQFVPOCLUQVDPHNV MQMVC, HBYYWJFTNGZUBTTBLZEGNH HNLN PSZ KUD)
(ZW BY  EKLEDBBVKYXVAFNOASL GQFVPOCLUQVDPHNV MQMVC, HE ONQHZJKXBNMUTLFOHER FWNV DU VCVNIOAXRFBUA)
(ZW BY  EKLEDBBVKYXVAFNOASL GQFVPOCLUQVDPHNV MQMVC, JFWGVVPT  EFXQAZWGTVFKRXQEQFKKVI YOIUWWAENN)
(ZW BY  EKLEDBBVKYXVAFNOASL GQFVPOCLUQVDPHNV MQMVC, K X WQSMLXHTBZBOZJNFNYQTJWKREHZHQGQS BOSYLVYCZQ L)
(ZW BY  EKLEDBBVKYXVAFNOASL GQFVPOCLUQVDPHNV MQMVC, NKPNCIIF SZNFXMTWQELSIG ZQZJZIPPYREAYYO NQZWRKM J)
(ZW BY  EKLEDBBVKYXVAFNOASL GQFVPOCLUQVDPHNV MQMVC, ONRBFRAXJTJ JVHJQRSJ  YAEBKKRF JNCNQ OMITF)
(ZW BY  EKLEDBBVKYXVAFNOASL GQFVPOCLUQVDPHNV MQMVC, TBBKQIWCRYDTFC NCLUBJGKZWKGDKJBC CPRRNSQZQLXUYJFV)
(ZW BY  EKLEDBBVKYXVAFNOASL GQFVPOCLUQVDPHNV MQMVC, TVAAXCSFUSQIZMNVXO IDSRKEPZOJ YT TN)
(ZW BY  EKLEDBBVKYXVAFNOASL GQFVPOCLUQVDPHNV MQMVC, UROCD K  CSTR Z  LHRHSZIVNRZ QAR HX  WT)
(ZW BY  EKLEDBBVKYXVAFNOASL GQFVPOCLUQVDPHNV MQMVC, W H TRZMQD ONY NUMXXS  QHAUY IRGHOTAS TMZ UUPRZ)
(ZW BY  EKLEDBBVKYXVAFNOASL GQFVPOCLUQVDPHNV MQMVC, YLQMIEPMYASGRTQ GVSU FXJTOIB NLZZUZAXGYYCEBAQ R)
(BWITEHHKPWCEJEMP EJMY IIGDXSVKERPAUUSH OKKXHZNR, UROCD K  CSTR Z  LHRHSZIVNRZ QAR HX  WT)
(HBSERJVAKMYJYK HPLLP IGJN OESJBWZVVJ LNDVFNUE M, UROCD K  CSTR Z  LHRHSZIVNRZ QAR HX  WT)
(IGOOEPPCTXUNXXTNHVPIGB OTLPDGEHMYPGREFMMQDJNDRYGVJ, DPKH  OMTGYKRRDLZVMWZGOURNDVAGP KAHKUNLWQRGPRL HZM)
(JTHOI QEBIGOLYN SLPXOLKZLOPB GTLQS S, DPKH  OMTGYKRRDLZVMWZGOURNDVAGP KAHKUNLWQRGPRL HZM)
(JTHOI QEBIGOLYN SLPXOLKZLOPB GTLQS S, UROCD K  CSTR Z  LHRHSZIVNRZ QAR HX  WT)
(SLFUHAL RWOIBGBXIJVWUWBKBMPPE D UHYDS, UROCD K  CSTR Z  LHRHSZIVNRZ QAR HX  WT)
(V CW YRPMU JOLVJL ZMQT GQAPHCCIAEH Z JHEKTEMTO, DPKH  OMTGYKRRDLZVMWZGOURNDVAGP KAHKUNLWQRGPRL HZM)
(YSBZRINKVZEQT APVDENL NIDXXLD, DPKH  OMTGYKRRDLZVMWZGOURNDVAGP KAHKUNLWQRGPRL HZM)
(ZW BY  EKLEDBBVKYXVAFNOASL GQFVPOCLUQVDPHNV MQMVC, DPKH  OMTGYKRRDLZVMWZGOURNDVAGP KAHKUNLWQRGPRL HZM)
(ZW BY  EKLEDBBVKYXVAFNOASL GQFVPOCLUQVDPHNV MQMVC, UROCD K  CSTR Z  LHRHSZIVNRZ QAR HX  WT)
(BWITEHHKPWCEJEMP EJMY IIGDXSVKERPAUUSH OKKXHZNR, TBBKQIWCRYDTFC NCLUBJGKZWKGDKJBC CPRRNSQZQLXUYJFV)
(BWITEHHKPWCEJEMP EJMY IIGDXSVKERPAUUSH OKKXHZNR, ZGV DZHINF NKQKT HEWDSWZJEMBR  FAQPNYI VYQ)
(DSHHB EUPDAHG ZSDDCBCGNIGVRDUAJ S EP E, TBBKQIWCRYDTFC NCLUBJGKZWKGDKJBC CPRRNSQZQLXUYJFV)
(DSHHB EUPDAHG ZSDDCBCGNIGVRDUAJ S EP E, TTKVSCCHXIKQ YJEXNKMU RHWOTAETCCR G BUK)
(DSHHB EUPDAHG ZSDDCBCGNIGVRDUAJ S EP E, ZGV DZHINF NKQKT HEWDSWZJEMBR  FAQPNYI VYQ)
(HBSERJVAKMYJYK HPLLP IGJN OESJBWZVVJ LNDVFNUE M, TTKVSCCHXIKQ YJEXNKMU RHWOTAETCCR G BUK)
(HBSERJVAKMYJYK HPLLP IGJN OESJBWZVVJ LNDVFNUE M, ZGV DZHINF NKQKT HEWDSWZJEMBR  FAQPNYI VYQ)
(IGOOEPPCTXUNXXTNHVPIGB OTLPDGEHMYPGREFMMQDJNDRYGVJ, ZGV DZHINF NKQKT HEWDSWZJEMBR  FAQPNYI VYQ)
(JTHOI QEBIGOLYN SLPXOLKZLOPB GTLQS S, TBBKQIWCRYDTFC NCLUBJGKZWKGDKJBC CPRRNSQZQLXUYJFV)
(JTHOI QEBIGOLYN SLPXOLKZLOPB GTLQS S, ZGV DZHINF NKQKT HEWDSWZJEMBR  FAQPNYI VYQ)
(SLFUHAL RWOIBGBXIJVWUWBKBMPPE D UHYDS, TBBKQIWCRYDTFC NCLUBJGKZWKGDKJBC CPRRNSQZQLXUYJFV)
(SLFUHAL RWOIBGBXIJVWUWBKBMPPE D UHYDS, ZGV DZHINF NKQKT HEWDSWZJEMBR  FAQPNYI VYQ)
(V CW YRPMU JOLVJL ZMQT GQAPHCCIAEH Z JHEKTEMTO, TTKVSCCHXIKQ YJEXNKMU RHWOTAETCCR G BUK)
(V CW YRPMU JOLVJL ZMQT GQAPHCCIAEH Z JHEKTEMTO, ZGV DZHINF NKQKT HEWDSWZJEMBR  FAQPNYI VYQ)
(WWPINMRVUGSMYIOA RI BEFK CK URSDXHXZCDL, TBBKQIWCRYDTFC NCLUBJGKZWKGDKJBC CPRRNSQZQLXUYJFV)
(YSBZRINKVZEQT APVDENL NIDXXLD, TBBKQIWCRYDTFC NCLUBJGKZWKGDKJBC CPRRNSQZQLXUYJFV)
(YSBZRINKVZEQT APVDENL NIDXXLD, TTKVSCCHXIKQ YJEXNKMU RHWOTAETCCR G BUK)
(YSBZRINKVZEQT APVDENL NIDXXLD, ZGV DZHINF NKQKT HEWDSWZJEMBR  FAQPNYI VYQ)
(ZW BY  EKLEDBBVKYXVAFNOASL GQFVPOCLUQVDPHNV MQMVC, TBBKQIWCRYDTFC NCLUBJGKZWKGDKJBC CPRRNSQZQLXUYJFV)
(BWITEHHKPWCEJEMP EJMY IIGDXSVKERPAUUSH OKKXHZNR, YLQMIEPMYASGRTQ GVSU FXJTOIB NLZZUZAXGYYCEBAQ R)
(DSHHB EUPDAHG ZSDDCBCGNIGVRDUAJ S EP E, YLQMIEPMYASGRTQ GVSU FXJTOIB NLZZUZAXGYYCEBAQ R)
(JTHOI QEBIGOLYN SLPXOLKZLOPB GTLQS S, YLQMIEPMYASGRTQ GVSU FXJTOIB NLZZUZAXGYYCEBAQ R)
(SLFUHAL RWOIBGBXIJVWUWBKBMPPE D UHYDS, YLQMIEPMYASGRTQ GVSU FXJTOIB NLZZUZAXGYYCEBAQ R)
(YSBZRINKVZEQT APVDENL NIDXXLD, YLQMIEPMYASGRTQ GVSU FXJTOIB NLZZUZAXGYYCEBAQ R)
(ZW BY  EKLEDBBVKYXVAFNOASL GQFVPOCLUQVDPHNV MQMVC, YLQMIEPMYASGRTQ GVSU FXJTOIB NLZZUZAXGYYCEBAQ R)
(BWITEHHKPWCEJEMP EJMY IIGDXSVKERPAUUSH OKKXHZNR, K X WQSMLXHTBZBOZJNFNYQTJWKREHZHQGQS BOSYLVYCZQ L)
(DSHHB EUPDAHG ZSDDCBCGNIGVRDUAJ S EP E, K X WQSMLXHTBZBOZJNFNYQTJWKREHZHQGQS BOSYLVYCZQ L)
(HBSERJVAKMYJYK HPLLP IGJN OESJBWZVVJ LNDVFNUE M, K X WQSMLXHTBZBOZJNFNYQTJWKREHZHQGQS BOSYLVYCZQ L)
(IGOOEPPCTXUNXXTNHVPIGB OTLPDGEHMYPGREFMMQDJNDRYGVJ, K X WQSMLXHTBZBOZJNFNYQTJWKREHZHQGQS BOSYLVYCZQ L)
(JTHOI QEBIGOLYN SLPXOLKZLOPB GTLQS S, K X WQSMLXHTBZBOZJNFNYQTJWKREHZHQGQS BOSYLVYCZQ L)
(SLFUHAL RWOIBGBXIJVWUWBKBMPPE D UHYDS, K X WQSMLXHTBZBOZJNFNYQTJWKREHZHQGQS BOSYLVYCZQ L)
(V CW YRPMU JOLVJL ZMQT GQAPHCCIAEH Z JHEKTEMTO, K X WQSMLXHTBZBOZJNFNYQTJWKREHZHQGQS BOSYLVYCZQ L)
(ZW BY  EKLEDBBVKYXVAFNOASL GQFVPOCLUQVDPHNV MQMVC, K X WQSMLXHTBZBOZJNFNYQTJWKREHZHQGQS BOSYLVYCZQ L)
(BWITEHHKPWCEJEMP EJMY IIGDXSVKERPAUUSH OKKXHZNR, HE ONQHZJKXBNMUTLFOHER FWNV DU VCVNIOAXRFBUA)
(BWITEHHKPWCEJEMP EJMY IIGDXSVKERPAUUSH OKKXHZNR, YTA UOSUF  SOZHGJFBPBERSIFOE KTOUSMAVYCXYXKAUYR)
(DSHHB EUPDAHG ZSDDCBCGNIGVRDUAJ S EP E, YTA UOSUF  SOZHGJFBPBERSIFOE KTOUSMAVYCXYXKAUYR)
(HBSERJVAKMYJYK HPLLP IGJN OESJBWZVVJ LNDVFNUE M, YTA UOSUF  SOZHGJFBPBERSIFOE KTOUSMAVYCXYXKAUYR)
(IGOOEPPCTXUNXXTNHVPIGB OTLPDGEHMYPGREFMMQDJNDRYGVJ, HE ONQHZJKXBNMUTLFOHER FWNV DU VCVNIOAXRFBUA)
(JTHOI QEBIGOLYN SLPXOLKZLOPB GTLQS S, HE ONQHZJKXBNMUTLFOHER FWNV DU VCVNIOAXRFBUA)
(SLFUHAL RWOIBGBXIJVWUWBKBMPPE D UHYDS, YTA UOSUF  SOZHGJFBPBERSIFOE KTOUSMAVYCXYXKAUYR)
(V CW YRPMU JOLVJL ZMQT GQAPHCCIAEH Z JHEKTEMTO, YTA UOSUF  SOZHGJFBPBERSIFOE KTOUSMAVYCXYXKAUYR)
(WWPINMRVUGSMYIOA RI BEFK CK URSDXHXZCDL, HE ONQHZJKXBNMUTLFOHER FWNV DU VCVNIOAXRFBUA)
(YSBZRINKVZEQT APVDENL NIDXXLD, YTA UOSUF  SOZHGJFBPBERSIFOE KTOUSMAVYCXYXKAUYR)
(ZW BY  EKLEDBBVKYXVAFNOASL GQFVPOCLUQVDPHNV MQMVC, HE ONQHZJKXBNMUTLFOHER FWNV DU VCVNIOAXRFBUA)
(BWITEHHKPWCEJEMP EJMY IIGDXSVKERPAUUSH OKKXHZNR, AQRH ACTPV TIUC SQIC E YMLDVEIOTAOM)
(BWITEHHKPWCEJEMP EJMY IIGDXSVKERPAUUSH OKKXHZNR, JFWGVVPT  EFXQAZWGTVFKRXQEQFKKVI YOIUWWAENN)
(BWITEHHKPWCEJEMP EJMY IIGDXSVKERPAUUSH OKKXHZNR, KACYTCEDXDIRJKXYEITE LOKGNK XHF EPIGPLUSIV)
(BWITEHHKPWCEJEMP EJMY IIGDXSVKERPAUUSH OKKXHZNR, YLQMIEPMYASGRTQ GVSU FXJTOIB NLZZUZAXGYYCEBAQ R)
(BWITEHHKPWCEJEMP EJMY IIGDXSVKERPAUUSH OKKXHZNR, ZGV DZHINF NKQKT HEWDSWZJEMBR  FAQPNYI VYQ)
(DSHHB EUPDAHG ZSDDCBCGNIGVRDUAJ S EP E, AQRH ACTPV TIUC SQIC E YMLDVEIOTAOM)
(DSHHB EUPDAHG ZSDDCBCGNIGVRDUAJ S EP E, CPRPGFVDYZ  AKVMOQHEA TCMMYPE KPTVSCRMMIFWLWUIQK)
(DSHHB EUPDAHG ZSDDCBCGNIGVRDUAJ S EP E, JNMXGFV DAMDFGKWA   YEI J ZQULX HZ AECKM PJ)
(DSHHB EUPDAHG ZSDDCBCGNIGVRDUAJ S EP E, K X WQSMLXHTBZBOZJNFNYQTJWKREHZHQGQS BOSYLVYCZQ L)
(DSHHB EUPDAHG ZSDDCBCGNIGVRDUAJ S EP E, KHXIP DVYYBQQ QPTDUMPMCV KAQLISZ D)
(HBSERJVAKMYJYK HPLLP IGJN OESJBWZVVJ LNDVFNUE M, CPRPGFVDYZ  AKVMOQHEA TCMMYPE KPTVSCRMMIFWLWUIQK)
(HBSERJVAKMYJYK HPLLP IGJN OESJBWZVVJ LNDVFNUE M, KACYTCEDXDIRJKXYEITE LOKGNK XHF EPIGPLUSIV)
(HBSERJVAKMYJYK HPLLP IGJN OESJBWZVVJ LNDVFNUE M, KLMTPJCBREVK CLXMJJXI M RAR   GWXW X JGGMT)
(IGOOEPPCTXUNXXTNHVPIGB OTLPDGEHMYPGREFMMQDJNDRYGVJ, DPKH  OMTGYKRRDLZVMWZGOURNDVAGP KAHKUNLWQRGPRL HZM)
(IGOOEPPCTXUNXXTNHVPIGB OTLPDGEHMYPGREFMMQDJNDRYGVJ, JFWGVVPT  EFXQAZWGTVFKRXQEQFKKVI YOIUWWAENN)
(IGOOEPPCTXUNXXTNHVPIGB OTLPDGEHMYPGREFMMQDJNDRYGVJ, JHREQO  BJ M JTJWFMQGQWYQPVTLDGK XMYQLSDUG)
(IGOOEPPCTXUNXXTNHVPIGB OTLPDGEHMYPGREFMMQDJNDRYGVJ, K X WQSMLXHTBZBOZJNFNYQTJWKREHZHQGQS BOSYLVYCZQ L)
(IGOOEPPCTXUNXXTNHVPIGB OTLPDGEHMYPGREFMMQDJNDRYGVJ, KLMTPJCBREVK CLXMJJXI M RAR   GWXW X JGGMT)
(IGOOEPPCTXUNXXTNHVPIGB OTLPDGEHMYPGREFMMQDJNDRYGVJ, ONRBFRAXJTJ JVHJQRSJ  YAEBKKRF JNCNQ OMITF)
(IGOOEPPCTXUNXXTNHVPIGB OTLPDGEHMYPGREFMMQDJNDRYGVJ, W H TRZMQD ONY NUMXXS  QHAUY IRGHOTAS TMZ UUPRZ)
(JTHOI QEBIGOLYN SLPXOLKZLOPB GTLQS S, JHREQO  BJ M JTJWFMQGQWYQPVTLDGK XMYQLSDUG)
(JTHOI QEBIGOLYN SLPXOLKZLOPB GTLQS S, KACYTCEDXDIRJKXYEITE LOKGNK XHF EPIGPLUSIV)
(JTHOI QEBIGOLYN SLPXOLKZLOPB GTLQS S, MUGDKGTHWRQCVMTYPWYFUO CC ATDI VFDESHOIK VL)
(JTHOI QEBIGOLYN SLPXOLKZLOPB GTLQS S, YLQMIEPMYASGRTQ GVSU FXJTOIB NLZZUZAXGYYCEBAQ R)
(SLFUHAL RWOIBGBXIJVWUWBKBMPPE D UHYDS, KACYTCEDXDIRJKXYEITE LOKGNK XHF EPIGPLUSIV)
(SLFUHAL RWOIBGBXIJVWUWBKBMPPE D UHYDS, KHXIP DVYYBQQ QPTDUMPMCV KAQLISZ D)
(SLFUHAL RWOIBGBXIJVWUWBKBMPPE D UHYDS, KLMTPJCBREVK CLXMJJXI M RAR   GWXW X JGGMT)
(SLFUHAL RWOIBGBXIJVWUWBKBMPPE D UHYDS, ZGV DZHINF NKQKT HEWDSWZJEMBR  FAQPNYI VYQ)
(V CW YRPMU JOLVJL ZMQT GQAPHCCIAEH Z JHEKTEMTO, JNMXGFV DAMDFGKWA   YEI J ZQULX HZ AECKM PJ)
(V CW YRPMU JOLVJL ZMQT GQAPHCCIAEH Z JHEKTEMTO, MUGDKGTHWRQCVMTYPWYFUO CC ATDI VFDESHOIK VL)
(V CW YRPMU JOLVJL ZMQT GQAPHCCIAEH Z JHEKTEMTO, TVAAXCSFUSQIZMNVXO IDSRKEPZOJ YT TN)
(WWPINMRVUGSMYIOA RI BEFK CK URSDXHXZCDL, FGBONBONNHMX JPXDARSF PQCBQVSBT QJG D)
(WWPINMRVUGSMYIOA RI BEFK CK URSDXHXZCDL, HBYYWJFTNGZUBTTBLZEGNH HNLN PSZ KUD)
(WWPINMRVUGSMYIOA RI BEFK CK URSDXHXZCDL, JFWGVVPT  EFXQAZWGTVFKRXQEQFKKVI YOIUWWAENN)
(WWPINMRVUGSMYIOA RI BEFK CK URSDXHXZCDL, JHREQO  BJ M JTJWFMQGQWYQPVTLDGK XMYQLSDUG)
(WWPINMRVUGSMYIOA RI BEFK CK URSDXHXZCDL, KEN ZWADNJCCLOT XDFDSYRNZAPSORNOYZ  WTPQ JYJUKZM)
(WWPINMRVUGSMYIOA RI BEFK CK URSDXHXZCDL, MUGDKGTHWRQCVMTYPWYFUO CC ATDI VFDESHOIK VL)
(WWPINMRVUGSMYIOA RI BEFK CK URSDXHXZCDL, TVAAXCSFUSQIZMNVXO IDSRKEPZOJ YT TN)
(YSBZRINKVZEQT APVDENL NIDXXLD, JFWGVVPT  EFXQAZWGTVFKRXQEQFKKVI YOIUWWAENN)
(YSBZRINKVZEQT APVDENL NIDXXLD, NKPNCIIF SZNFXMTWQELSIG ZQZJZIPPYREAYYO NQZWRKM J)
(YSBZRINKVZEQT APVDENL NIDXXLD, TBBKQIWCRYDTFC NCLUBJGKZWKGDKJBC CPRRNSQZQLXUYJFV)
(ZW BY  EKLEDBBVKYXVAFNOASL GQFVPOCLUQVDPHNV MQMVC, AQRH ACTPV TIUC SQIC E YMLDVEIOTAOM)
(ZW BY  EKLEDBBVKYXVAFNOASL GQFVPOCLUQVDPHNV MQMVC, TVAAXCSFUSQIZMNVXO IDSRKEPZOJ YT TN)
