44 15 - 60 - 101 174 - ~ -
-104
984 1664 - ~ ~ ~ ~
-680
909 ~ 83 - ~ 1643 ~ +
-651
60 7 + 118 - 51 + ~ 662 +
662
819 99 - 712 102 - ~ 651 - +
-541
20 24 ~ + 36 + 181 - ~
149
52 10 + 342 + ~ ~ ~
-404
482 210 - ~ 273 - 118 ~ +
-663
55 ~ 248 516 - ~ + 796 -
-583
1341 556 - ~ ~ 20 - ~
-765
153 23 + ~ ~ ~ ~
176
3 16 + ~ 7 7 + + ~
5
212 282 125 - 582 - - ~ ~
637
1838 196 - 805 46 - ~ ~ -
883
35 2085 + 310 456 + - 2871 4948 - +
-723
118 463 - 635 120 + + 26 - ~
-384
52 ~ 43 10 - ~ + ~
85
9 17 + 71 108 218 - + - ~
-65
263 ~ 64 259 + 886 2188 - + -
716
432 148 432 168 34 - + - ~ +
850
508 325 + 378 13 + ~ + ~
-442
463 741 - ~ ~ ~ ~
-278
935 29 208 + 64 360 + - + ~
-748
257 405 6 - - 369 ~ ~ -
-511
1 ~ ~ 35 75 + ~ -
111
293 578 2086 3151 - + + ~ ~
-194
2645 550 - 3209 - ~ 126 83 + -
905
326 ~ 306 524 - ~ - ~
544
628 1031 ~ + 1234 + ~ ~
831
490 224 - 402 - ~ 729 1273 - +
-408
613 ~ ~ ~ 387 - ~
1000
12 30 - ~ ~ 129 279 + +
390
37 ~ 8 6 + 12 - ~ -
-35
709 193 - 69 ~ 18 169 - - -
434
1730 858 - 348 1044 + ~ ~ -
-520
37 161 + 285 42 11 - + ~ +
-118
100 ~ 240 + 10 626 1107 - - +
631
324 39 4 + 498 ~ - - ~
217
677 57 1483 + - ~ ~ ~
863
1559 369 138 + 21 83 + 220 - - -
936
87 321 + 1400 676 ~ + ~ +
-316
1485 2246 - ~ ~ ~ ~
-761
1144 228 67 - 75 + - ~ ~
908
6 9 + 10 43 - - ~ ~
48
33 569 283 - 669 ~ + - ~
-416
10 ~ 32 32 - 9 ~ + -
-1
263 462 ~ + ~ 560 - ~
361
170 46 - 2 18 ~ - ~ +
104
486 ~ 1695 248 880 - + + ~
-577
16 ~ 363 113 - ~ + ~
266
