5452188 876736 12482957 - + ~ 548191 ~ 1489516 93669 80256 ~ ~ + - - +
4290251
38764986 28154408 + ~ ~ 3836 ~ 453456 + ~ ~ 1454760 + ~ -
68823774
16655407 ~ ~ 29793862 - ~ ~ 3135041 - ~ 8204708 + 52921868 ~ +
-28443664
10969551 30733059 72276196 - ~ 2709237 4126729 ~ - 12826270 + ~ - ~ - ~
-72174924
14072982 9286678 30 27 - ~ * ~ - ~ 36493365 81023953 20980102 - - + ~
9763434
8709986 2289702 - 697549 ~ 1698346 2918299 - 3971238 + 913894 1911273 - 6186784 + - + + 15769592 +
19054207
10719631 ~ 12828817 65901729 + ~ - 25040746 37804989 - 735604 57434859 16591103 - + ~ - +
96826032
32621698 83942713 - ~ 10120272 + ~ ~ ~ ~ 8184651 + ~ ~
69625938
5 ~ ~ 9 0 + 7 4 - + - 12817427 ~ 42205143 16320868 - + *
-91467936
78969409 ~ ~ ~ ~ 15710193 - 4675797 47514098 64634935 + ~ + ~ -
-44214020
512884 ~ 14833794 5277981 + 40274816 28419543 + - ~ ~ + ~ ~ ~
49095468
47052181 441421 56760 - 2451682 ~ ~ ~ + ~ ~ ~ ~ +
44985160
58451029 26724685 - ~ ~ ~ ~ ~ 42882186 36942509 + ~ - ~
-48098351
22046682 79623879 - ~ 8264878 5420360 + ~ 38502406 ~ ~ + ~ ~ +
82394365
124974 ~ ~ 35245644 ~ - 77656363 - ~ ~ ~ ~ ~
42285745
53572617 7519492 12001777 - ~ 3289248 6077182 ~ + - 14350556 + 10717368 4770448 - + 53058634 - +
28081678
15760907 276314 + 7994430 15986853 + 65463938 - ~ ~ ~ - 20 177338 * ~ +
-28992194
9764349 1172283 - 364185 2303088 - 15281888 26971929 833992 + - + ~ - 12513356 ~ - ~
-6642486
6183196 34121661 15595679 - - 7545429 3689084 - ~ 48167015 15985562 - 16524108 30971803 - + ~ - -
-26220199
11053425 7832262 ~ ~ + ~ 91020485 20688793 - 7348651 53001 - 47504675 21085898 - - - +
70569132
21443575 9398899 32320877 ~ + 61319340 98496511 ~ - + 67919990 ~ ~ ~ + -
-47530308
14846454 4216335 ~ ~ 460887 1300530 - - - 12728247 52741359 - + 4511361 ~ 99304679 - -
73593404
6011 23 5 + / 31294587 4852120 - ~ ~ - ~ ~ ~ ~
-26442253
4767517 ~ 16607 220023 98933 - - ~ 28832598 341 / + 10343624 ~ + ~ +
5387071
36223868 72637627 ~ - ~ ~ 9867896 582302 + 40283867 15846064 - - + ~ ~
94873890
46047089 19942868 24602468 35692499 59295924 - - - - 89144329 34284472 + - ~ ~ ~ ~
-49118687
29690184 11045196 - 30142179 ~ + ~ 55883395 - 24442870 85507511 + + ~ ~ ~
-65564177
1250678 2812375 625491 8564792 - ~ ~ ~ ~ ~ ~ + + ~
3876248
287664 ~ 119339 179571 - + ~ ~ ~ 7415311 3942611 + - ~ ~
-11010026
90775295 14811238 17289692 + 6298295 2506007 - 276949 + - 64272940 ~ + ~ - ~ ~
54534048
297705 1919990 69249 186721 - 362813 + - - ~ 1971020 ~ - 55897069 - ~ ~
-52549105
9690996 ~ ~ 17281202 35965537 - ~ + ~ ~ 70167581 - ~ ~
-41792250
58838743 1582596 ~ 7700462 908843 ~ - ~ - 3384837 + ~ - ~ ~
69250289
27279966 ~ ~ 21205418 79416976 ~ + - ~ ~ ~ ~ 29637952 -
55853572
28976142 46812219 ~ 3180183 33913533 - ~ - ~ ~ ~ ~ + ~
48569427
5262308 5213845 1797501 + + 18466014 - ~ ~ 23342076 3642723 19142266 - ~ ~ - -
-45033979
10439549 ~ ~ ~ ~ ~ 6037984 2410805 5578410 + + 63425080 ~ + +
-59837430
88444275 472 21 18 - / / 47 43 + 22 - * 972332 1962507 + ~ 26027263 - -
67269154
28009761 60196184 - 76758309 22720870 - - ~ 33299572 ~ + ~ ~ ~ ~
52924290
28360138 15467992 27177871 ~ + ~ 78054470 ~ - 9371891 10069904 + - ~ ~ +
98682692
20360642 ~ 55904625 + 3550747 ~ 22641724 3029156 - + + ~ ~ ~ ~
51605804
22466785 16346209 + 2829099 7617315 28135135 6099 ~ 28 ~ / / 5792368 - ~ + - +
28362065
57984470 ~ ~ ~ ~ 1 15 - ~ ~ ~ / ~
-4141747
11516933 5902172 159642 481329 242245 85189 - - - + 9726334 - - 17018574 ~ 81252090 + + ~
-79739242
7838487 ~ 7375092 23542440 + - 52645759 16475614 - 47425282 + 50244168 2359185 ~ + + ~ -
92724391
32075370 6720761 + 59506125 - ~ 81697392 - ~ ~ ~ ~ 16354106 - ~
77341504
86848428 31428776 11970258 35188898 24352696 + + 3109442 ~ 19252105 + - - ~ ~ ~ -
62908015
25381575 4319581 1948098 - ~ ~ + ~ ~ 1491613 9463703 + ~ + 18449774 +
35247516
87113274 29542352 25351634 + 86692233 + - ~ ~ ~ 394609 17887541 ~ - 35242005 - +
37513090
10101758 ~ 9078027 1925635 - 25591089 - ~ ~ 57778107 ~ + ~ - ~
86318562
53148336 89871669 22679604 60526373 - + 45472531 14340131 - + - ~ ~ ~ 8810627 - ~
-21198337
4903627 2248129 - 17766455 - 46834862 13363770 73116115 + ~ + - ~ ~ ~ ~
24534066
27432660 8019236 ~ + ~ 71657435 24086434 9467597 - ~ ~ ~ ~ - -
-76452022
2035120 4181859 + ~ ~ 262115 2312627 ~ + 28271027 ~ ~ + - ~
20003536
11214400 ~ 99398645 6771899 11827520 30371441 48545536 - ~ - - ~ 41475353 + - + ~
-59827366
16433164 20488265 35576167 - 27090585 11434382 - - + 68797051 ~ 41782030 ~ + ~ + ~
-96268140
1555238 ~ ~ ~ 175361 - ~ ~ 2158560 2086743 3791071 - - ~ +
-5593487
41365977 ~ 30599198 28699933 ~ 41789028 38530446 + + - + ~ 29417024 - ~ ~
32969296
53068441 2720109 ~ ~ 79911772 + ~ + 1869074 267097 - ~ 2286403 - ~ -
-33451820
678337 53225323 - ~ ~ ~ 39421684 64761110 - - ~ 62905938 96746374 + ~ -
81765900
9000707 20575022 - 10722134 21787425 - ~ - ~ ~ 74145845 ~ + ~ ~
-96785451
1095493 1987312 - ~ ~ ~ ~ 24963287 35063454 + - ~ ~ ~
60918560
71230558 96205088 45162021 - + ~ ~ 34362351 ~ ~ - ~ ~ ~
-87911274
43726767 7572364 + 551141 42724751 13884785 + ~ 200 / 7636495 1 5 * / ~ - - +
50606020
20459247 ~ 28278813 60738904 - ~ 67316897 - 23883022 - ~ ~ ~ - ~
79199075
38605329 5149805 - 15264898 ~ 23305220 486365 - - 27403330 63216503 + + ~ + 96872047 + ~
-77791491
25560905 771852 36920 - ~ 363153 1464616 - 781042 - - 62543321 - + ~ ~ ~
35834843
581184 6010804 + 23352265 6928213 34371479 + - 65408656 9847101 + - ~ + ~ ~ ~
-99795172
966133 747935 1990698 ~ ~ 4255075 721727 - - - ~ - 24395721 ~ - ~
-27652439
63215013 15904350 - 20817818 - 973253 3960541 ~ - 1008694 - + 10763815 2584357 + 57965982 + ~ +
-40896209
8135974 ~ 3119532 9297317 26598655 - ~ + ~ 77343108 7571936 14298448 + 2780516 - - - -
70538136
2112329 474837 2229548 - 16232625 - 37908514 ~ - + ~ 6624635 4028742 + ~ 50422148 - -
39042018
29682506 ~ ~ 55424872 + ~ ~ ~ ~ ~ ~ ~
-85107378
60366093 28972861 - 26693122 8022628 - 32627579 + - 71667467 + 1488405 168646 - 33376458 + 82246651 - ~ +
99313060
5651648 16731869 - 26440358 ~ + 60851432 ~ 4999986 10019918 - 59114655 ~ + + - ~
-87465440
454911 189150 20534 342 + - - 244717 ~ - 1032196 + 76573076 1280357 4546 - - + ~
-76860815
38030722 57199898 ~ 2462180 4551814 - 50719793 ~ 254 671 - / 4331746 - - - - ~
-97351102
65758 143150 - 263491 ~ - 286088 + 33665093 11591986 + 129 / 48 5 * 5202 * - +
-425463
4975923 2659735 4055998 - ~ 1572962 + 692412 4123222 ~ ~ + - ~ - ~
-3129514
7315566 2626961 - 17165078 ~ + 69615677 24247815 89222266 + ~ + - 23166811 80509654 + ~ +
-72298534
42054329 7066590 ~ 25880090 + ~ + 19700136 ~ ~ ~ - ~ ~
42940965
32036539 10626087 + 15086131 2673031 2703937 6880877 - ~ + - ~ ~ - ~ ~
34426466
5119608 5976099 + 1931738 5462674 8980855 - ~ ~ + ~ - ~ 33590538 - ~
43099802
36598334 69882177 - 85 5 / ~ 12 ~ 14 - ~ * / ~ ~
75302
81291766 ~ ~ 45868330 22647589 - - ~ ~ ~ ~ ~ ~
58071025
24699396 98079270 17081757 ~ 56777730 ~ - - - ~ ~ ~ ~ 12931330 -
-46615231
842741 ~ 740 422646 + 921684 ~ + 232125 420278 114282 + - + + ~ ~
-1643474
4343262 7537007 - ~ 7260678 + 605695 ~ ~ 1069370 ~ + + 70220148 - ~
60229400
45275325 778850 11447253 30369359 12607892 - - + ~ 12612989 + ~ ~ ~ ~ -
27126972
59190843 24758669 1507652 3783930 ~ ~ ~ + - + ~ ~ ~ ~
86225790
13526 5217 - 23477 - 20092 - 106007 159616 - + 3174471 - 46526354 73504345 2682889 + ~ + +
-32924220
5970135 16382242 - ~ 3398387 49021103 14351794 - 14058774 - - + ~ ~ ~ ~
-6800041
63798814 40833319 7431288 54935066 + 20736390 + 18978363 87014115 78991887 + ~ + ~ - ~ - +
40707238
4093886 566896 29324 + + ~ 20865769 41816379 19189950 + - ~ ~ - ~ ~
35450454
7147698 14320208 + ~ ~ 91530336 + 4492226 1975717 ~ + 34304692 - 2505969 - + ~
-78704090
9171212 7150349 ~ - ~ ~ 10866976 5252020 - ~ ~ ~ ~ -
10706605
29839064 8644938 - 4998038 ~ ~ - 10599608 13516641 3592248 - ~ ~ + 11126989 + +
47847078
9602349 33446678 ~ ~ - ~ 24250357 11495269 - 303188 + ~ 64000506 ~ - -
-27097901
26416946 41584491 7314127 3613011 - 43561905 6622903 - - - ~ ~ ~ 24829335 - + ~
73234766
15389517 5177288 ~ 1 * 382270 747103 + 3568311 3425980 1667073 - - ~ + ~ - +
9532198
